d:\универ\кпо\mzv-2025\mzv-2025\debug\vc143.pdb
d:\универ\кпо\mzv-2025\mzv-2025\debug\vc143.idb
d:\универ\кпо\mzv-2025\mzv-2025\debug\codegenerator.obj
d:\универ\кпо\mzv-2025\mzv-2025\debug\polishnotation.obj
d:\универ\кпо\mzv-2025\mzv-2025\debug\semanticanalyzer.obj
d:\универ\кпо\mzv-2025\mzv-2025\debug\parm.obj
d:\универ\кпо\mzv-2025\mzv-2025\debug\mfst.obj
d:\универ\кпо\mzv-2025\mzv-2025\debug\main.obj
d:\универ\кпо\mzv-2025\mzv-2025\debug\lt.obj
d:\универ\кпо\mzv-2025\mzv-2025\debug\log.obj
d:\универ\кпо\mzv-2025\mzv-2025\debug\lexer.obj
d:\универ\кпо\mzv-2025\mzv-2025\debug\it.obj
d:\универ\кпо\mzv-2025\mzv-2025\debug\in.obj
d:\универ\кпо\mzv-2025\mzv-2025\debug\grb.obj
d:\универ\кпо\mzv-2025\mzv-2025\debug\fst.obj
d:\универ\кпо\mzv-2025\mzv-2025\debug\error.obj
d:\универ\кпо\mzv-2025\mzv-2025\debug\optimizer.obj
d:\универ\кпо\mzv-2025\debug\mzv-2025.exe
d:\универ\кпо\mzv-2025\debug\mzv-2025.pdb
d:\универ\кпо\mzv-2025\mzv-2025\debug\mzv-2025.ilk
d:\универ\кпо\mzv-2025\mzv-2025\debug\mzv-2025.tlog\cl.command.1.tlog
d:\универ\кпо\mzv-2025\mzv-2025\debug\mzv-2025.tlog\cl.items.tlog
d:\универ\кпо\mzv-2025\mzv-2025\debug\mzv-2025.tlog\cl.read.1.tlog
d:\универ\кпо\mzv-2025\mzv-2025\debug\mzv-2025.tlog\cl.write.1.tlog
d:\универ\кпо\mzv-2025\mzv-2025\debug\mzv-2025.tlog\link.command.1.tlog
d:\универ\кпо\mzv-2025\mzv-2025\debug\mzv-2025.tlog\link.read.1.tlog
d:\универ\кпо\mzv-2025\mzv-2025\debug\mzv-2025.tlog\link.secondary.1.tlog
d:\универ\кпо\mzv-2025\mzv-2025\debug\mzv-2025.tlog\link.write.1.tlog
